
> wossite@0.1.0 start
> react-scripts start

Starting the development server...

Compiled successfully!

You can now view wossite in the browser.

  http://localhost:3000

Note that the development build is not optimized.
To create a production build, use yarn build.

assets by path static/ 1.62 MiB
  asset static/js/bundle.js 1.61 MiB [emitted] (name: main) 1 related asset
  asset static/js/node_modules_web-vitals_dist_web-vitals_js.chunk.js 6.88 KiB [emitted] 1 related asset
  asset static/media/logo.6ce24c58023cc2f8fd88fe9d219db6c6.svg 2.57 KiB [emitted] (auxiliary name: main)
asset index.html 1.67 KiB [emitted]
asset asset-manifest.json 546 bytes [emitted]
cached modules 1.47 MiB (javascript) 31.4 KiB (runtime) [cached] 138 modules
webpack 5.65.0 compiled successfully in 3217 ms
Files successfully emitted, waiting for typecheck results...
Issues checking in progress...
No issues found.
Compiling...
Compiled successfully!
assets by status 9.45 KiB [cached] 2 assets
assets by status 1.62 MiB [emitted]
  assets by chunk 1.61 MiB (name: main)
    asset static/js/bundle.js 1.61 MiB [emitted] (name: main) 1 related asset
    asset main.74dfd73e63bd3b1c8614.hot-update.js 358 bytes [emitted] [immutable] [hmr] (name: main) 1 related asset
  assets by path *.json 699 bytes
    asset asset-manifest.json 671 bytes [emitted]
    asset main.74dfd73e63bd3b1c8614.hot-update.json 28 bytes [emitted] [immutable] [hmr]
  asset index.html 1.67 KiB [emitted]
Entrypoint main 1.61 MiB (1.62 MiB) = static/js/bundle.js 1.61 MiB main.74dfd73e63bd3b1c8614.hot-update.js 358 bytes 3 auxiliary assets
cached modules 1.47 MiB [cached] 122 modules
runtime modules 31.4 KiB 16 modules
webpack 5.65.0 compiled successfully in 4156 ms
No issues found.
Compiling...
Compiled successfully!
assets by status 9.45 KiB [cached] 2 assets
assets by status 1.62 MiB [emitted]
  assets by chunk 1.61 MiB (name: main)
    asset static/js/bundle.js 1.61 MiB [emitted] (name: main) 1 related asset
    asset main.d362ebc980245a2dce4e.hot-update.js 358 bytes [emitted] [immutable] [hmr] (name: main) 1 related asset
  assets by path *.json 699 bytes
    asset asset-manifest.json 671 bytes [emitted]
    asset main.d362ebc980245a2dce4e.hot-update.json 28 bytes [emitted] [immutable] [hmr]
  asset index.html 1.67 KiB [emitted]
Entrypoint main 1.61 MiB (1.62 MiB) = static/js/bundle.js 1.61 MiB main.d362ebc980245a2dce4e.hot-update.js 358 bytes 3 auxiliary assets
cached modules 1.47 MiB [cached] 122 modules
runtime modules 31.4 KiB 16 modules
webpack 5.65.0 compiled successfully in 5023 ms
No issues found.
Compiling...
Compiled successfully!
assets by status 9.45 KiB [cached] 2 assets
assets by status 1.62 MiB [emitted]
  assets by chunk 1.61 MiB (name: main)
    asset static/js/bundle.js 1.61 MiB [emitted] (name: main) 1 related asset
    asset main.1c8a8c38d0a96acc2615.hot-update.js 358 bytes [emitted] [immutable] [hmr] (name: main) 1 related asset
  assets by path *.json 699 bytes
    asset asset-manifest.json 671 bytes [emitted]
    asset main.1c8a8c38d0a96acc2615.hot-update.json 28 bytes [emitted] [immutable] [hmr]
  asset index.html 1.67 KiB [emitted]
Entrypoint main 1.61 MiB (1.62 MiB) = static/js/bundle.js 1.61 MiB main.1c8a8c38d0a96acc2615.hot-update.js 358 bytes 3 auxiliary assets
cached modules 1.47 MiB [cached] 122 modules
runtime modules 31.4 KiB 16 modules
webpack 5.65.0 compiled successfully in 1582 ms
No issues found.
The build failed because the process exited too early. This probably means the system ran out of memory or someone called `kill -9` on the process.
